mode: set
github.com/gtestaMeLi/C1GoWeb/internal/products/repositorio.go:23.47,27.2 1 1
github.com/gtestaMeLi/C1GoWeb/internal/products/repositorio.go:29.48,33.16 3 1
github.com/gtestaMeLi/C1GoWeb/internal/products/repositorio.go:37.2,37.18 1 1
github.com/gtestaMeLi/C1GoWeb/internal/products/repositorio.go:33.16,35.3 1 0
github.com/gtestaMeLi/C1GoWeb/internal/products/repositorio.go:40.49,45.16 4 1
github.com/gtestaMeLi/C1GoWeb/internal/products/repositorio.go:49.2,49.34 1 1
github.com/gtestaMeLi/C1GoWeb/internal/products/repositorio.go:55.2,55.18 1 1
github.com/gtestaMeLi/C1GoWeb/internal/products/repositorio.go:45.16,47.3 1 0
github.com/gtestaMeLi/C1GoWeb/internal/products/repositorio.go:49.34,50.21 1 1
github.com/gtestaMeLi/C1GoWeb/internal/products/repositorio.go:50.21,52.4 1 1
github.com/gtestaMeLi/C1GoWeb/internal/products/repositorio.go:58.72,62.16 3 1
github.com/gtestaMeLi/C1GoWeb/internal/products/repositorio.go:65.2,67.46 3 1
github.com/gtestaMeLi/C1GoWeb/internal/products/repositorio.go:71.2,71.18 1 1
github.com/gtestaMeLi/C1GoWeb/internal/products/repositorio.go:62.16,64.3 1 0
github.com/gtestaMeLi/C1GoWeb/internal/products/repositorio.go:67.46,69.3 1 0
github.com/gtestaMeLi/C1GoWeb/internal/products/repositorio.go:74.70,76.2 1 1
github.com/gtestaMeLi/C1GoWeb/internal/products/repositorio.go:78.87,82.16 3 1
github.com/gtestaMeLi/C1GoWeb/internal/products/repositorio.go:85.2,86.27 2 1
github.com/gtestaMeLi/C1GoWeb/internal/products/repositorio.go:93.2,93.14 1 1
github.com/gtestaMeLi/C1GoWeb/internal/products/repositorio.go:100.2,100.18 1 1
github.com/gtestaMeLi/C1GoWeb/internal/products/repositorio.go:82.16,84.3 1 0
github.com/gtestaMeLi/C1GoWeb/internal/products/repositorio.go:86.27,87.28 1 1
github.com/gtestaMeLi/C1GoWeb/internal/products/repositorio.go:87.28,91.4 3 1
github.com/gtestaMeLi/C1GoWeb/internal/products/repositorio.go:93.14,95.3 1 1
github.com/gtestaMeLi/C1GoWeb/internal/products/repositorio.go:95.8,96.47 1 1
github.com/gtestaMeLi/C1GoWeb/internal/products/repositorio.go:96.47,98.4 1 0
github.com/gtestaMeLi/C1GoWeb/internal/products/repositorio.go:103.43,108.16 4 1
github.com/gtestaMeLi/C1GoWeb/internal/products/repositorio.go:111.2,113.27 3 1
github.com/gtestaMeLi/C1GoWeb/internal/products/repositorio.go:119.2,119.14 1 1
github.com/gtestaMeLi/C1GoWeb/internal/products/repositorio.go:126.2,126.12 1 1
github.com/gtestaMeLi/C1GoWeb/internal/products/repositorio.go:108.16,110.3 1 0
github.com/gtestaMeLi/C1GoWeb/internal/products/repositorio.go:113.27,114.28 1 1
github.com/gtestaMeLi/C1GoWeb/internal/products/repositorio.go:114.28,117.4 2 1
github.com/gtestaMeLi/C1GoWeb/internal/products/repositorio.go:119.14,121.3 1 1
github.com/gtestaMeLi/C1GoWeb/internal/products/repositorio.go:121.8,122.44 1 1
github.com/gtestaMeLi/C1GoWeb/internal/products/repositorio.go:122.44,124.4 1 0
github.com/gtestaMeLi/C1GoWeb/internal/products/repositorio.go:129.83,133.16 3 1
github.com/gtestaMeLi/C1GoWeb/internal/products/repositorio.go:136.2,138.27 3 1
github.com/gtestaMeLi/C1GoWeb/internal/products/repositorio.go:147.2,147.14 1 1
github.com/gtestaMeLi/C1GoWeb/internal/products/repositorio.go:154.2,154.20 1 1
github.com/gtestaMeLi/C1GoWeb/internal/products/repositorio.go:133.16,135.3 1 0
github.com/gtestaMeLi/C1GoWeb/internal/products/repositorio.go:138.27,139.28 1 1
github.com/gtestaMeLi/C1GoWeb/internal/products/repositorio.go:139.28,145.4 5 1
github.com/gtestaMeLi/C1GoWeb/internal/products/repositorio.go:147.14,149.3 1 0
github.com/gtestaMeLi/C1GoWeb/internal/products/repositorio.go:149.8,150.47 1 1
github.com/gtestaMeLi/C1GoWeb/internal/products/repositorio.go:150.47,152.4 1 0
github.com/gtestaMeLi/C1GoWeb/internal/products/servicio.go:17.39,21.2 1 1
github.com/gtestaMeLi/C1GoWeb/internal/products/servicio.go:22.45,25.2 2 1
github.com/gtestaMeLi/C1GoWeb/internal/products/servicio.go:27.46,30.2 2 1
github.com/gtestaMeLi/C1GoWeb/internal/products/servicio.go:32.69,36.16 2 1
github.com/gtestaMeLi/C1GoWeb/internal/products/servicio.go:40.2,40.15 1 1
github.com/gtestaMeLi/C1GoWeb/internal/products/servicio.go:36.16,38.3 1 0
github.com/gtestaMeLi/C1GoWeb/internal/products/servicio.go:43.84,47.2 2 1
github.com/gtestaMeLi/C1GoWeb/internal/products/servicio.go:49.40,53.2 2 1
github.com/gtestaMeLi/C1GoWeb/internal/products/servicio.go:55.80,58.2 2 1
github.com/gtestaMeLi/C1GoWeb/cmd/server/controlador/controlador.go:17.46,21.2 1 1
github.com/gtestaMeLi/C1GoWeb/cmd/server/controlador/controlador.go:31.44,32.32 1 1
github.com/gtestaMeLi/C1GoWeb/cmd/server/controlador/controlador.go:32.32,36.3 2 1
github.com/gtestaMeLi/C1GoWeb/cmd/server/controlador/controlador.go:48.41,49.32 1 1
github.com/gtestaMeLi/C1GoWeb/cmd/server/controlador/controlador.go:49.32,53.3 3 0
github.com/gtestaMeLi/C1GoWeb/cmd/server/controlador/controlador.go:66.42,67.32 1 1
github.com/gtestaMeLi/C1GoWeb/cmd/server/controlador/controlador.go:67.32,71.17 3 1
github.com/gtestaMeLi/C1GoWeb/cmd/server/controlador/controlador.go:76.3,77.50 2 1
github.com/gtestaMeLi/C1GoWeb/cmd/server/controlador/controlador.go:82.3,83.21 2 1
github.com/gtestaMeLi/C1GoWeb/cmd/server/controlador/controlador.go:88.3,88.45 1 1
github.com/gtestaMeLi/C1GoWeb/cmd/server/controlador/controlador.go:71.17,74.4 2 0
github.com/gtestaMeLi/C1GoWeb/cmd/server/controlador/controlador.go:77.50,80.4 2 0
github.com/gtestaMeLi/C1GoWeb/cmd/server/controlador/controlador.go:83.21,86.4 2 0
github.com/gtestaMeLi/C1GoWeb/cmd/server/controlador/controlador.go:103.41,104.32 1 1
github.com/gtestaMeLi/C1GoWeb/cmd/server/controlador/controlador.go:104.32,108.17 3 0
github.com/gtestaMeLi/C1GoWeb/cmd/server/controlador/controlador.go:113.3,114.21 2 0
github.com/gtestaMeLi/C1GoWeb/cmd/server/controlador/controlador.go:119.3,120.50 2 0
github.com/gtestaMeLi/C1GoWeb/cmd/server/controlador/controlador.go:125.3,127.20 2 0
github.com/gtestaMeLi/C1GoWeb/cmd/server/controlador/controlador.go:132.3,132.45 1 0
github.com/gtestaMeLi/C1GoWeb/cmd/server/controlador/controlador.go:108.17,111.4 2 0
github.com/gtestaMeLi/C1GoWeb/cmd/server/controlador/controlador.go:114.21,117.4 2 0
github.com/gtestaMeLi/C1GoWeb/cmd/server/controlador/controlador.go:120.50,123.4 2 0
github.com/gtestaMeLi/C1GoWeb/cmd/server/controlador/controlador.go:127.20,130.4 2 0
github.com/gtestaMeLi/C1GoWeb/cmd/server/controlador/controlador.go:146.44,147.32 1 1
github.com/gtestaMeLi/C1GoWeb/cmd/server/controlador/controlador.go:147.32,150.21 2 1
github.com/gtestaMeLi/C1GoWeb/cmd/server/controlador/controlador.go:154.3,155.17 2 1
github.com/gtestaMeLi/C1GoWeb/cmd/server/controlador/controlador.go:159.3,159.47 1 0
github.com/gtestaMeLi/C1GoWeb/cmd/server/controlador/controlador.go:150.21,153.4 2 0
github.com/gtestaMeLi/C1GoWeb/cmd/server/controlador/controlador.go:155.17,158.4 2 1
github.com/gtestaMeLi/C1GoWeb/cmd/server/controlador/controlador.go:174.43,175.32 1 1
github.com/gtestaMeLi/C1GoWeb/cmd/server/controlador/controlador.go:175.32,178.34 2 1
github.com/gtestaMeLi/C1GoWeb/cmd/server/controlador/controlador.go:183.3,184.21 2 1
github.com/gtestaMeLi/C1GoWeb/cmd/server/controlador/controlador.go:189.3,190.50 2 1
github.com/gtestaMeLi/C1GoWeb/cmd/server/controlador/controlador.go:194.3,194.21 1 1
github.com/gtestaMeLi/C1GoWeb/cmd/server/controlador/controlador.go:198.3,198.21 1 1
github.com/gtestaMeLi/C1GoWeb/cmd/server/controlador/controlador.go:203.3,205.20 2 1
github.com/gtestaMeLi/C1GoWeb/cmd/server/controlador/controlador.go:210.3,210.45 1 1
github.com/gtestaMeLi/C1GoWeb/cmd/server/controlador/controlador.go:178.34,181.4 2 0
github.com/gtestaMeLi/C1GoWeb/cmd/server/controlador/controlador.go:184.21,187.4 2 0
github.com/gtestaMeLi/C1GoWeb/cmd/server/controlador/controlador.go:190.50,193.4 2 0
github.com/gtestaMeLi/C1GoWeb/cmd/server/controlador/controlador.go:194.21,197.4 2 0
github.com/gtestaMeLi/C1GoWeb/cmd/server/controlador/controlador.go:198.21,201.4 2 0
github.com/gtestaMeLi/C1GoWeb/cmd/server/controlador/controlador.go:205.20,208.4 2 0
