mode: set
github.com/gtestaMeLi/C1GoWeb/internal/products/repositorio.go:23.47,27.2 1 1
github.com/gtestaMeLi/C1GoWeb/internal/products/repositorio.go:29.48,33.16 3 1
github.com/gtestaMeLi/C1GoWeb/internal/products/repositorio.go:37.2,37.18 1 1
github.com/gtestaMeLi/C1GoWeb/internal/products/repositorio.go:33.16,35.3 1 0
github.com/gtestaMeLi/C1GoWeb/internal/products/repositorio.go:40.49,45.16 4 1
github.com/gtestaMeLi/C1GoWeb/internal/products/repositorio.go:49.2,49.34 1 1
github.com/gtestaMeLi/C1GoWeb/internal/products/repositorio.go:55.2,55.18 1 1
github.com/gtestaMeLi/C1GoWeb/internal/products/repositorio.go:45.16,47.3 1 0
github.com/gtestaMeLi/C1GoWeb/internal/products/repositorio.go:49.34,50.21 1 1
github.com/gtestaMeLi/C1GoWeb/internal/products/repositorio.go:50.21,52.4 1 1
github.com/gtestaMeLi/C1GoWeb/internal/products/repositorio.go:58.72,62.16 3 1
github.com/gtestaMeLi/C1GoWeb/internal/products/repositorio.go:65.2,67.46 3 1
github.com/gtestaMeLi/C1GoWeb/internal/products/repositorio.go:71.2,71.18 1 1
github.com/gtestaMeLi/C1GoWeb/internal/products/repositorio.go:62.16,64.3 1 0
github.com/gtestaMeLi/C1GoWeb/internal/products/repositorio.go:67.46,69.3 1 0
github.com/gtestaMeLi/C1GoWeb/internal/products/repositorio.go:74.70,76.2 1 1
github.com/gtestaMeLi/C1GoWeb/internal/products/repositorio.go:78.87,82.16 3 1
github.com/gtestaMeLi/C1GoWeb/internal/products/repositorio.go:85.2,86.27 2 1
github.com/gtestaMeLi/C1GoWeb/internal/products/repositorio.go:93.2,93.14 1 1
github.com/gtestaMeLi/C1GoWeb/internal/products/repositorio.go:100.2,100.18 1 1
github.com/gtestaMeLi/C1GoWeb/internal/products/repositorio.go:82.16,84.3 1 0
github.com/gtestaMeLi/C1GoWeb/internal/products/repositorio.go:86.27,87.28 1 1
github.com/gtestaMeLi/C1GoWeb/internal/products/repositorio.go:87.28,91.4 3 1
github.com/gtestaMeLi/C1GoWeb/internal/products/repositorio.go:93.14,95.3 1 1
github.com/gtestaMeLi/C1GoWeb/internal/products/repositorio.go:95.8,96.47 1 1
github.com/gtestaMeLi/C1GoWeb/internal/products/repositorio.go:96.47,98.4 1 0
github.com/gtestaMeLi/C1GoWeb/internal/products/repositorio.go:103.43,108.16 4 1
github.com/gtestaMeLi/C1GoWeb/internal/products/repositorio.go:111.2,113.27 3 1
github.com/gtestaMeLi/C1GoWeb/internal/products/repositorio.go:119.2,119.14 1 1
github.com/gtestaMeLi/C1GoWeb/internal/products/repositorio.go:126.2,126.12 1 1
github.com/gtestaMeLi/C1GoWeb/internal/products/repositorio.go:108.16,110.3 1 0
github.com/gtestaMeLi/C1GoWeb/internal/products/repositorio.go:113.27,114.28 1 1
github.com/gtestaMeLi/C1GoWeb/internal/products/repositorio.go:114.28,117.4 2 1
github.com/gtestaMeLi/C1GoWeb/internal/products/repositorio.go:119.14,121.3 1 1
github.com/gtestaMeLi/C1GoWeb/internal/products/repositorio.go:121.8,122.44 1 1
github.com/gtestaMeLi/C1GoWeb/internal/products/repositorio.go:122.44,124.4 1 0
github.com/gtestaMeLi/C1GoWeb/internal/products/repositorio.go:129.83,133.16 3 1
github.com/gtestaMeLi/C1GoWeb/internal/products/repositorio.go:136.2,138.27 3 1
github.com/gtestaMeLi/C1GoWeb/internal/products/repositorio.go:147.2,147.14 1 1
github.com/gtestaMeLi/C1GoWeb/internal/products/repositorio.go:154.2,154.20 1 1
github.com/gtestaMeLi/C1GoWeb/internal/products/repositorio.go:133.16,135.3 1 0
github.com/gtestaMeLi/C1GoWeb/internal/products/repositorio.go:138.27,139.28 1 1
github.com/gtestaMeLi/C1GoWeb/internal/products/repositorio.go:139.28,145.4 5 1
github.com/gtestaMeLi/C1GoWeb/internal/products/repositorio.go:147.14,149.3 1 0
github.com/gtestaMeLi/C1GoWeb/internal/products/repositorio.go:149.8,150.47 1 1
github.com/gtestaMeLi/C1GoWeb/internal/products/repositorio.go:150.47,152.4 1 0
github.com/gtestaMeLi/C1GoWeb/internal/products/servicio.go:17.39,21.2 1 1
github.com/gtestaMeLi/C1GoWeb/internal/products/servicio.go:22.45,25.2 2 1
github.com/gtestaMeLi/C1GoWeb/internal/products/servicio.go:27.46,30.2 2 1
github.com/gtestaMeLi/C1GoWeb/internal/products/servicio.go:32.69,36.16 2 1
github.com/gtestaMeLi/C1GoWeb/internal/products/servicio.go:40.2,40.15 1 1
github.com/gtestaMeLi/C1GoWeb/internal/products/servicio.go:36.16,38.3 1 0
github.com/gtestaMeLi/C1GoWeb/internal/products/servicio.go:43.84,47.2 2 1
github.com/gtestaMeLi/C1GoWeb/internal/products/servicio.go:49.40,53.2 2 1
github.com/gtestaMeLi/C1GoWeb/internal/products/servicio.go:55.80,58.2 2 1
